This is pdfTeX, Version 3.14159265-2.6-1.40.19 (MiKTeX 2.9.6745 64-bit) (preloaded format=pdflatex 2018.8.30)  14 DEC 2018 20:57
entering extended mode
**./p5ndoldfie.tex
(p5ndoldfie.tex
LaTeX2e <2018-04-01> patch level 5
("C:\Users\meg\AppData\Local\Programs\MiKTeX 2.9\tex\latex\revtex4\revtex4.cls"
Document Class: revtex4 2001/08/03 v4.0 (http://publish.aps.org/revtex4/ for do
cumentation)
 Copyright (c) 2001 The American Physical Society.
 mailto:revtex@aps.org
 Licensed under the LPPL:
http://www.ctan.org/tex-archive/macros/latex/base/lppl.txt
 Arthur Ogawa <ogawa@teleport.com>
 Based on work by David Carlisle <david@dcarlisle.demon.co.uk>.
ltxutil: portions licensed from W. E. Baxter (web@superscript.com)
Class revtex4 Info: Repairing broken LateX \@sect on input line 596.
\intertabularlinepenalty=\count80
\@tbpen=\count81
\@arstrutbox@hline=\box26
Class revtex4 Info: Repairing broken LaTeX \@xbitor on input line 1610.
ltxgrid: portions licensed from W. E. Baxter (web@superscript.com)
\c@linecount=\count82
\output=\toks14
\@protection@box=\box27
\@topmark@saved=\toks15
\footins@saved=\box28
\pagesofar=\box29
\footbox=\box30
\pagegrid@col=\count83
Class revtex4 Info: Incorporating package {textcase}  [1998/11/12 v0.06 Text on
ly upper/lower case changing (DPC)]. on input line 3682.
("C:\Users\meg\AppData\Local\Programs\MiKTeX 2.9\tex\latex\url\url.sty"
\Urlmuskip=\muskip10
Package: url 2013/09/16  ver 3.4  Verb mode for urls, etc.
)
\c@affil=\count84
\absbox=\box31
\c@part=\count85
\c@section=\count86
\c@subsection=\count87
\c@subsubsection=\count88
\c@paragraph=\count89
\c@subparagraph=\count90
\abovecaptionskip=\skip41
\belowcaptionskip=\skip42
\c@figure=\count91
\c@table=\count92

("C:\Users\meg\AppData\Local\Programs\MiKTeX 2.9\tex\latex\natbib\natbib.sty"
Package: natbib 2010/09/13 8.31b (PWD, AO)
\bibhang=\skip43
\bibsep=\skip44
LaTeX Info: Redefining \cite on input line 694.
\c@NAT@ctr=\count93
)
\widetext@top=\box32
\widetext@bot=\box33

("C:\Users\meg\AppData\Local\Programs\MiKTeX 2.9\tex\latex\revtex4\revsymb.sty"
Package: revsymb 2001/08/03 v4.0 (http://publish.aps.org/revtex4/ for documenta
tion)
LaTeX Info: Redefining \REV@mathfrak on input line 118.
))
("C:\Users\meg\AppData\Local\Programs\MiKTeX 2.9\tex\latex\amsfonts\amssymb.sty
"
Package: amssymb 2013/01/14 v3.01 AMS font symbols

("C:\Users\meg\AppData\Local\Programs\MiKTeX 2.9\tex\latex\amsfonts\amsfonts.st
y"
Package: amsfonts 2013/01/14 v3.01 Basic AMSFonts support
\@emptytoks=\toks16
\symAMSa=\mathgroup4
\symAMSb=\mathgroup5
LaTeX Font Info:    Overwriting math alphabet `\mathfrak' in version `bold'
(Font)                  U/euf/m/n --> U/euf/b/n on input line 106.
LaTeX Info: Redefining \frak on input line 111.
LaTeX Info: Redefining \Bbb on input line 113.
))
("C:\Users\meg\AppData\Local\Programs\MiKTeX 2.9\tex\latex\amsmath\amsmath.sty"
Package: amsmath 2017/09/02 v2.17a AMS math features
\@mathmargin=\skip45
For additional information on amsmath, use the `?' option.
("C:\Users\meg\AppData\Local\Programs\MiKTeX 2.9\tex\latex\amsmath\amstext.sty"
Package: amstext 2000/06/29 v2.01 AMS text
("C:\Users\meg\AppData\Local\Programs\MiKTeX 2.9\tex\latex\amsmath\amsgen.sty"
File: amsgen.sty 1999/11/30 v2.0 generic functions
\@emptytoks=\toks17
\ex@=\dimen102
)) ("C:\Users\meg\AppData\Local\Programs\MiKTeX 2.9\tex\latex\amsmath\amsbsy.st
y"
Package: amsbsy 1999/11/29 v1.2d Bold Symbols
\pmbraise@=\dimen103
) ("C:\Users\meg\AppData\Local\Programs\MiKTeX 2.9\tex\latex\amsmath\amsopn.sty
"
Package: amsopn 2016/03/08 v2.02 operator names
)
\inf@bad=\count94
LaTeX Info: Redefining \frac on input line 213.
\uproot@=\count95
\leftroot@=\count96
LaTeX Info: Redefining \overline on input line 375.
\classnum@=\count97
\DOTSCASE@=\count98
LaTeX Info: Redefining \ldots on input line 472.
LaTeX Info: Redefining \dots on input line 475.
LaTeX Info: Redefining \cdots on input line 596.
\Mathstrutbox@=\box34
\strutbox@=\box35
\big@size=\dimen104
LaTeX Font Info:    Redeclaring font encoding OML on input line 712.
LaTeX Font Info:    Redeclaring font encoding OMS on input line 713.
\macc@depth=\count99
\c@MaxMatrixCols=\count100
\dotsspace@=\muskip11
\c@parentequation=\count101
\dspbrk@lvl=\count102
\tag@help=\toks18
\row@=\count103
\column@=\count104
\maxfields@=\count105
\andhelp@=\toks19
\eqnshift@=\dimen105
\alignsep@=\dimen106
\tagshift@=\dimen107
\tagwidth@=\dimen108
\totwidth@=\dimen109
\lineht@=\dimen110
\@envbody=\toks20
\multlinegap=\skip46
\multlinetaggap=\skip47
\mathdisplay@stack=\toks21
LaTeX Info: Redefining \[ on input line 2817.
LaTeX Info: Redefining \] on input line 2818.
)

Class revtex4 Warning: No Society specified, using generic APS style.

("C:\Users\meg\AppData\Local\Programs\MiKTeX 2.9\tex\latex\revtex4\aps.rtx"
File: aps.rtx 2001/08/03 v4.0 (http://publish.aps.org/revtex4/ for documentatio
n)
)
("C:\Users\meg\AppData\Local\Programs\MiKTeX 2.9\tex\latex\revtex4\10pt.rtx"
File: 10pt.rtx 2001/08/03 v4.0 (http://publish.aps.org/revtex4/ for documentati
on)
)
("C:\Users\meg\AppData\Local\Programs\MiKTeX 2.9\tex\latex\float\float.sty"
Package: float 2001/11/08 v1.3d Float enhancements (AL)
\c@float@type=\count106
\float@exts=\toks22
\float@box=\box36
\@float@everytoks=\toks23
\@floatcapt=\box37
)
("C:\Users\meg\AppData\Local\Programs\MiKTeX 2.9\tex\latex\algorithms\algorithm
.sty"
Package: algorithm 2009/08/24 v0.1 Document Style `algorithm' - floating enviro
nment
 ("C:\Users\meg\AppData\Local\Programs\MiKTeX 2.9\tex\latex\base\ifthen.sty"
Package: ifthen 2014/09/29 v1.1c Standard LaTeX ifthen package (DPC)
)
\@float@every@algorithm=\toks24
\c@algorithm=\count107
)
("C:\Users\meg\AppData\Local\Programs\MiKTeX 2.9\tex\latex\algorithmicx\algpseu
docode.sty"
Package: algpseudocode 

("C:\Users\meg\AppData\Local\Programs\MiKTeX 2.9\tex\latex\algorithmicx\algorit
hmicx.sty"
Package: algorithmicx 2005/04/27 v1.2 Algorithmicx

Document Style algorithmicx 1.2 - a greatly improved `algorithmic' style
\c@ALG@line=\count108
\c@ALG@rem=\count109
\c@ALG@nested=\count110
\ALG@tlm=\skip48
\ALG@thistlm=\skip49
\c@ALG@Lnr=\count111
\c@ALG@blocknr=\count112
\c@ALG@storecount=\count113
\c@ALG@tmpcounter=\count114
\ALG@tmplength=\skip50
)
Document Style - pseudocode environments for use with the `algorithmicx' style
)
("C:\Users\meg\AppData\Local\Programs\MiKTeX 2.9\tex\latex\graphics\graphicx.st
y"
Package: graphicx 2017/06/01 v1.1a Enhanced LaTeX Graphics (DPC,SPQR)

("C:\Users\meg\AppData\Local\Programs\MiKTeX 2.9\tex\latex\graphics\keyval.sty"
Package: keyval 2014/10/28 v1.15 key=value parser (DPC)
\KV@toks@=\toks25
)
("C:\Users\meg\AppData\Local\Programs\MiKTeX 2.9\tex\latex\graphics\graphics.st
y"
Package: graphics 2017/06/25 v1.2c Standard LaTeX Graphics (DPC,SPQR)
 ("C:\Users\meg\AppData\Local\Programs\MiKTeX 2.9\tex\latex\graphics\trig.sty"
Package: trig 2016/01/03 v1.10 sin cos tan (DPC)
)
("C:\Users\meg\AppData\Local\Programs\MiKTeX 2.9\tex\latex\graphics-cfg\graphic
s.cfg"
File: graphics.cfg 2016/06/04 v1.11 sample graphics configuration
)
Package graphics Info: Driver file: pdftex.def on input line 99.

("C:\Users\meg\AppData\Local\Programs\MiKTeX 2.9\tex\latex\graphics-def\pdftex.
def"
File: pdftex.def 2018/01/08 v1.0l Graphics/color driver for pdftex
))
\Gin@req@height=\dimen111
\Gin@req@width=\dimen112
)
("C:\Users\meg\AppData\Local\Programs\MiKTeX 2.9\tex\latex\tools\dcolumn.sty"
Package: dcolumn 2014/10/28 v1.06 decimal alignment package (DPC)

("C:\Users\meg\AppData\Local\Programs\MiKTeX 2.9\tex\latex\tools\array.sty"
Package: array 2018/04/30 v2.4h Tabular extension package (FMi)
\col@sep=\dimen113
\ar@mcellbox=\box38
\extrarowheight=\dimen114
\NC@list=\toks26
\extratabsurround=\skip51
\backup@length=\skip52
\ar@cellbox=\box39
))
("C:\Users\meg\AppData\Local\Programs\MiKTeX 2.9\tex\latex\listings\listings.st
y"
\lst@mode=\count115
\lst@gtempboxa=\box40
\lst@token=\toks27
\lst@length=\count116
\lst@currlwidth=\dimen115
\lst@column=\count117
\lst@pos=\count118
\lst@lostspace=\dimen116
\lst@width=\dimen117
\lst@newlines=\count119
\lst@lineno=\count120
\lst@maxwidth=\dimen118

("C:\Users\meg\AppData\Local\Programs\MiKTeX 2.9\tex\latex\listings\lstmisc.sty
"
File: lstmisc.sty 2015/06/04 1.6 (Carsten Heinz)
\c@lstnumber=\count121
\lst@skipnumbers=\count122
\lst@framebox=\box41
)
("C:\Users\meg\AppData\Local\Programs\MiKTeX 2.9\tex\latex\listings\listings.cf
g"
File: listings.cfg 2015/06/04 1.6 listings configuration
))
Package: listings 2015/06/04 1.6 (Carsten Heinz)

("C:\Users\meg\AppData\Local\Programs\MiKTeX 2.9\tex\latex\base\inputenc.sty"
Package: inputenc 2018/04/06 v1.3b Input encoding file
\inpenc@prehook=\toks28
\inpenc@posthook=\toks29
)
("C:\Users\meg\AppData\Local\Programs\MiKTeX 2.9\tex\latex\subfigure\subfigure.
sty"
Package: subfigure 2002/07/30 v2.1.4 subfigure package
\subfigtopskip=\skip53
\subfigcapskip=\skip54
\subfigcaptopadj=\dimen119
\subfigbottomskip=\skip55
\subfigcapmargin=\dimen120
\subfiglabelskip=\skip56
\c@subfigure=\count123
\c@lofdepth=\count124
\c@subtable=\count125
\c@lotdepth=\count126

****************************************
* Local config file subfigure.cfg used *
****************************************

("C:\Users\meg\AppData\Local\Programs\MiKTeX 2.9\tex\latex\subfigure\subfigure.
cfg")
\subfig@top=\skip57
\subfig@bottom=\skip58
)
("C:\Users\meg\AppData\Local\Programs\MiKTeX 2.9\tex\generic\babel\babel.sty"
Package: babel 2018/06/05 3.22 The Babel package

("C:\Users\meg\AppData\Local\Programs\MiKTeX 2.9\tex\generic\babel\switch.def"
File: switch.def 2018/06/05 3.22 Babel switching mechanism
)
*************************************
* Local config file bblopts.cfg used
*
("C:\Users\meg\AppData\Local\Programs\MiKTeX 2.9\tex\latex\arabi\bblopts.cfg"
File: bblopts.cfg 2005/09/08 v0.1 add Arabic and Farsi to "declared" options of
 babel
)
("C:\Users\meg\AppData\Local\Programs\MiKTeX 2.9\tex\latex\babel-english\englis
h.ldf"
Language: english 2017/06/06 v3.3r English support from the babel system

("C:\Users\meg\AppData\Local\Programs\MiKTeX 2.9\tex\generic\babel\babel.def"
File: babel.def 2018/06/05 3.22 Babel common definitions
\babel@savecnt=\count127
\U@D=\dimen121

("C:\Users\meg\AppData\Local\Programs\MiKTeX 2.9\tex\generic\babel\txtbabel.def
")
\bbl@dirlevel=\count128
)
\l@canadian = a dialect from \language\l@american 
\l@australian = a dialect from \language\l@british 
\l@newzealand = a dialect from \language\l@british 
)) ("C:\Users\meg\AppData\Local\Programs\MiKTeX 2.9\tex\latex\tools\bm.sty"
Package: bm 2017/01/16 v1.2c Bold Symbol Support (DPC/FMi)
\symboldoperators=\mathgroup6
\symboldletters=\mathgroup7
\symboldsymbols=\mathgroup8
LaTeX Font Info:    Redeclaring math alphabet \mathbf on input line 141.
LaTeX Info: Redefining \bm on input line 207.
) ("C:\Users\meg\AppData\Local\Programs\MiKTeX 2.9\tex\latex\tools\verbatim.sty
"
Package: verbatim 2014/10/28 v1.5q LaTeX2e package for verbatim enhancements
\every@verbatim=\toks30
\verbatim@line=\toks31
\verbatim@in@stream=\read1
)
("C:\Users\meg\AppData\Local\Programs\MiKTeX 2.9\tex\latex\hyperref\hyperref.st
y"
Package: hyperref 2018/02/06 v6.86b Hypertext links for LaTeX

("C:\Users\meg\AppData\Local\Programs\MiKTeX 2.9\tex\generic\oberdiek\hobsub-hy
perref.sty"
Package: hobsub-hyperref 2016/05/16 v1.14 Bundle oberdiek, subset hyperref (HO)


("C:\Users\meg\AppData\Local\Programs\MiKTeX 2.9\tex\generic\oberdiek\hobsub-ge
neric.sty"
Package: hobsub-generic 2016/05/16 v1.14 Bundle oberdiek, subset generic (HO)
Package: hobsub 2016/05/16 v1.14 Construct package bundles (HO)
Package: infwarerr 2016/05/16 v1.4 Providing info/warning/error messages (HO)
Package: ltxcmds 2016/05/16 v1.23 LaTeX kernel commands for general use (HO)
Package: ifluatex 2016/05/16 v1.4 Provides the ifluatex switch (HO)
Package ifluatex Info: LuaTeX not detected.
Package: ifvtex 2016/05/16 v1.6 Detect VTeX and its facilities (HO)
Package ifvtex Info: VTeX not detected.
Package: intcalc 2016/05/16 v1.2 Expandable calculations with integers (HO)
Package: ifpdf 2017/03/15 v3.2 Provides the ifpdf switch
Package: etexcmds 2016/05/16 v1.6 Avoid name clashes with e-TeX commands (HO)
Package etexcmds Info: Could not find \expanded.
(etexcmds)             That can mean that you are not using pdfTeX 1.50 or
(etexcmds)             that some package has redefined \expanded.
(etexcmds)             In the latter case, load this package earlier.
Package: kvsetkeys 2016/05/16 v1.17 Key value parser (HO)
Package: kvdefinekeys 2016/05/16 v1.4 Define keys (HO)
Package: pdftexcmds 2018/01/30 v0.27 Utility functions of pdfTeX for LuaTeX (HO
)
Package pdftexcmds Info: LuaTeX not detected.
Package pdftexcmds Info: \pdf@primitive is available.
Package pdftexcmds Info: \pdf@ifprimitive is available.
Package pdftexcmds Info: \pdfdraftmode found.
Package: pdfescape 2016/05/16 v1.14 Implements pdfTeX's escape features (HO)
Package: bigintcalc 2016/05/16 v1.4 Expandable calculations on big integers (HO
)
Package: bitset 2016/05/16 v1.2 Handle bit-vector datatype (HO)
Package: uniquecounter 2016/05/16 v1.3 Provide unlimited unique counter (HO)
)
Package hobsub Info: Skipping package `hobsub' (already loaded).
Package: letltxmacro 2016/05/16 v1.5 Let assignment for LaTeX macros (HO)
Package: hopatch 2016/05/16 v1.3 Wrapper for package hooks (HO)
Package: xcolor-patch 2016/05/16 xcolor patch
Package: atveryend 2016/05/16 v1.9 Hooks at the very end of document (HO)
Package: atbegshi 2016/06/09 v1.18 At begin shipout hook (HO)
Package: refcount 2016/05/16 v3.5 Data extraction from label references (HO)
Package: hycolor 2016/05/16 v1.8 Color options for hyperref/bookmark (HO)
)
("C:\Users\meg\AppData\Local\Programs\MiKTeX 2.9\tex\generic\ifxetex\ifxetex.st
y"
Package: ifxetex 2010/09/12 v0.6 Provides ifxetex conditional
)
("C:\Users\meg\AppData\Local\Programs\MiKTeX 2.9\tex\latex\oberdiek\auxhook.sty
"
Package: auxhook 2016/05/16 v1.4 Hooks for auxiliary files (HO)
)
("C:\Users\meg\AppData\Local\Programs\MiKTeX 2.9\tex\latex\oberdiek\kvoptions.s
ty"
Package: kvoptions 2016/05/16 v3.12 Key value format for package options (HO)
)
\@linkdim=\dimen122
\Hy@linkcounter=\count129
\Hy@pagecounter=\count130

("C:\Users\meg\AppData\Local\Programs\MiKTeX 2.9\tex\latex\hyperref\pd1enc.def"
File: pd1enc.def 2018/02/06 v6.86b Hyperref: PDFDocEncoding definition (HO)
Now handling font encoding PD1 ...
... no UTF-8 mapping file for font encoding PD1
)
\Hy@SavedSpaceFactor=\count131

("C:\Users\meg\AppData\Local\Programs\MiKTeX 2.9\tex\latex\00miktex\hyperref.cf
g"
File: hyperref.cfg 2002/06/06 v1.2 hyperref configuration of TeXLive
)
Package hyperref Info: Hyper figures OFF on input line 4509.
Package hyperref Info: Link nesting OFF on input line 4514.
Package hyperref Info: Hyper index ON on input line 4517.
Package hyperref Info: Plain pages OFF on input line 4524.
Package hyperref Info: Backreferencing OFF on input line 4529.
Package hyperref Info: Implicit mode ON; LaTeX internals redefined.
Package hyperref Info: Bookmarks ON on input line 4762.
\c@Hy@tempcnt=\count132
LaTeX Info: Redefining \url on input line 5115.
\XeTeXLinkMargin=\dimen123
\Fld@menulength=\count133
\Field@Width=\dimen124
\Fld@charsize=\dimen125
Package hyperref Info: Hyper figures OFF on input line 6369.
Package hyperref Info: Link nesting OFF on input line 6374.
Package hyperref Info: Hyper index ON on input line 6377.
Package hyperref Info: backreferencing OFF on input line 6384.
Package hyperref Info: Link coloring OFF on input line 6389.
Package hyperref Info: Link coloring with OCG OFF on input line 6394.
Package hyperref Info: PDF/A mode OFF on input line 6399.
LaTeX Info: Redefining \ref on input line 6439.
LaTeX Info: Redefining \pageref on input line 6443.
\Hy@abspage=\count134
\c@Item=\count135
\c@Hfootnote=\count136
)
Package hyperref Info: Driver (autodetected): hpdftex.

("C:\Users\meg\AppData\Local\Programs\MiKTeX 2.9\tex\latex\hyperref\hpdftex.def
"
File: hpdftex.def 2018/02/06 v6.86b Hyperref driver for pdfTeX
\Fld@listcount=\count137
\c@bookmark@seq@number=\count138

("C:\Users\meg\AppData\Local\Programs\MiKTeX 2.9\tex\latex\oberdiek\rerunfilech
eck.sty"
Package: rerunfilecheck 2016/05/16 v1.8 Rerun checks for auxiliary files (HO)
Package uniquecounter Info: New unique counter `rerunfilecheck' on input line 2
82.
)
\Hy@SectionHShift=\skip59
)
("C:\Users\meg\AppData\Local\Programs\MiKTeX 2.9\tex\latex\xcolor\xcolor.sty"
Package: xcolor 2016/05/11 v2.12 LaTeX color extensions (UK)

("C:\Users\meg\AppData\Local\Programs\MiKTeX 2.9\tex\latex\graphics-cfg\color.c
fg"
File: color.cfg 2016/01/02 v1.6 sample color configuration
)
Package xcolor Info: Driver file: pdftex.def on input line 225.
Package xcolor Info: Model `cmy' substituted by `cmy0' on input line 1348.
Package xcolor Info: Model `hsb' substituted by `rgb' on input line 1352.
Package xcolor Info: Model `RGB' extended on input line 1364.
Package xcolor Info: Model `HTML' substituted by `rgb' on input line 1366.
Package xcolor Info: Model `Hsb' substituted by `hsb' on input line 1367.
Package xcolor Info: Model `tHsb' substituted by `hsb' on input line 1368.
Package xcolor Info: Model `HSB' substituted by `hsb' on input line 1369.
Package xcolor Info: Model `Gray' substituted by `gray' on input line 1370.
Package xcolor Info: Model `wave' substituted by `hsb' on input line 1371.
)

LaTeX Warning: Unused global option(s):
    [aip,rsi,reprint].

(p5ndoldfie.aux)
\openout1 = `p5ndoldfie.aux'.

LaTeX Font Info:    Checking defaults for OML/cmm/m/it on input line 53.
LaTeX Font Info:    ... okay on input line 53.
LaTeX Font Info:    Checking defaults for T1/cmr/m/n on input line 53.
LaTeX Font Info:    ... okay on input line 53.
LaTeX Font Info:    Checking defaults for OT1/cmr/m/n on input line 53.
LaTeX Font Info:    ... okay on input line 53.
LaTeX Font Info:    Checking defaults for OMS/cmsy/m/n on input line 53.
LaTeX Font Info:    ... okay on input line 53.
LaTeX Font Info:    Checking defaults for OMX/cmex/m/n on input line 53.
LaTeX Font Info:    ... okay on input line 53.
LaTeX Font Info:    Checking defaults for U/cmr/m/n on input line 53.
LaTeX Font Info:    ... okay on input line 53.
LaTeX Font Info:    Checking defaults for PD1/pdf/m/n on input line 53.
LaTeX Font Info:    ... okay on input line 53.
Class revtex4 Info: Unrecognized array package. Please update this document cla
ss! (Proceeding with fingers crossed.) on input line 53.
Class revtex4 Info: cite was not loaded (OK!) on input line 53.
Class revtex4 Info: multicol was not loaded (OK!) on input line 53.

("C:\Users\meg\AppData\Local\Programs\MiKTeX 2.9\tex\context\base\supp-pdf.mkii
"
[Loading MPS to PDF converter (version 2006.09.02).]
\scratchcounter=\count139
\scratchdimen=\dimen126
\scratchbox=\box42
\nofMPsegments=\count140
\nofMParguments=\count141
\everyMPshowfont=\toks32
\MPscratchCnt=\count142
\MPscratchDim=\dimen127
\MPnumerator=\count143
\makeMPintoPDFobject=\count144
\everyMPtoPDFconversion=\toks33
)
("C:\Users\meg\AppData\Local\Programs\MiKTeX 2.9\tex\latex\oberdiek\epstopdf-ba
se.sty"
Package: epstopdf-base 2016/05/15 v2.6 Base part for package epstopdf

("C:\Users\meg\AppData\Local\Programs\MiKTeX 2.9\tex\latex\oberdiek\grfext.sty"
Package: grfext 2016/05/16 v1.2 Manage graphics extensions (HO)
)
Package epstopdf-base Info: Redefining graphics rule for `.eps' on input line 4
38.
Package grfext Info: Graphics extension search list:
(grfext)             [.pdf,.png,.jpg,.mps,.jpeg,.jbig2,.jb2,.PDF,.PNG,.JPG,.JPE
G,.JBIG2,.JB2,.eps]
(grfext)             \AppendGraphicsExtensions on input line 456.
)
\c@lstlisting=\count145
\AtBeginShipoutBox=\box43


Package hyperref Warning: Height of page (\paperheight) is invalid (0.0pt),
(hyperref)                using 11in.

Package hyperref Info: Link coloring OFF on input line 53.
("C:\Users\meg\AppData\Local\Programs\MiKTeX 2.9\tex\latex\hyperref\nameref.sty
"
Package: nameref 2016/05/21 v2.44 Cross-referencing by name of section

("C:\Users\meg\AppData\Local\Programs\MiKTeX 2.9\tex\generic\oberdiek\gettitles
tring.sty"
Package: gettitlestring 2016/05/16 v1.5 Cleanup title references (HO)
)
\c@section@level=\count146
)
LaTeX Info: Redefining \ref on input line 53.
LaTeX Info: Redefining \pageref on input line 53.
LaTeX Info: Redefining \nameref on input line 53.
 (p5ndoldfie.out) (p5ndoldfie.out)
\@outlinefile=\write3
\openout3 = `p5ndoldfie.out'.

LaTeX Font Info:    Try loading font information for U+msa on input line 69.

("C:\Users\meg\AppData\Local\Programs\MiKTeX 2.9\tex\latex\amsfonts\umsa.fd"
File: umsa.fd 2013/01/14 v3.01 AMS symbols A
)
LaTeX Font Info:    Try loading font information for U+msb on input line 69.

("C:\Users\meg\AppData\Local\Programs\MiKTeX 2.9\tex\latex\amsfonts\umsb.fd"
File: umsb.fd 2013/01/14 v3.01 AMS symbols B
)
Underfull \hbox (badness 2689) in paragraph at lines 78--78
[]\OT1/cmr/m/n/10 The sup-posed first ap-pli-ca-tion of the com-bined
 []

<mcmillan.png, id=112, 294.60063pt x 368.87813pt>
File: mcmillan.png Graphic file (type png)
<use mcmillan.png>
Package pdftex.def Info: mcmillan.png  used on input line 82.
(pdftex.def)             Requested size: 88.38086pt x 110.66428pt.
[1{C:/Users/meg/AppData/Local/MiKTeX/2.9/pdftex/config/pdftex.map} <./mcmillan.
png>]
<mcint.png, id=133, 650.43pt x 614.295pt>
File: mcint.png Graphic file (type png)
<use mcint.png>
Package pdftex.def Info: mcint.png  used on input line 117.
(pdftex.def)             Requested size: 260.16739pt x 245.71364pt.

Overfull \hbox (14.16739pt too wide) in paragraph at lines 117--118
 [] 
 []

[2 <./mcint.png>] [3]
<probDist.png, id=168, 527.47063pt x 456.20438pt>
File: probDist.png Graphic file (type png)
<use probDist.png>
Package pdftex.def Info: probDist.png  used on input line 209.
(pdftex.def)             Requested size: 210.98451pt x 182.4785pt.
 [4 <./probDist.png>]
Package hyperref Info: bookmark level for unknown algorithm defaults to 0 on in
put line 274.
LaTeX Font Info:    Try loading font information for OMS+cmr on input line 279.


("C:\Users\meg\AppData\Local\Programs\MiKTeX 2.9\tex\latex\base\omscmr.fd"
File: omscmr.fd 2014/09/29 v2.5h Standard LaTeX font definitions
)
LaTeX Font Info:    Font shape `OMS/cmr/m/n' in size <9> not available
(Font)              Font shape `OMS/cmsy/m/n' tried instead on input line 279.

Underfull \hbox (badness 1466) in paragraph at lines 289--290
 []\OT1/cmr/bx/n/9 IF\OT1/cmr/m/n/9 : $\OMS/cmsy/m/n/9 P  []$ \OT1/cmr/bx/n/9 
DO\OT1/cmr/m/n/9 : Ac-cept
 []

LaTeX Font Info:    Font shape `OMS/cmr/m/n' in size <10> not available
(Font)              Font shape `OMS/cmsy/m/n' tried instead on input line 304.

Overfull \hbox (2.91782pt too wide) detected at line 339
\OMS/cmsy/m/n/9 r[]\OML/cmm/m/it/9 Ce[] \OT1/cmr/m/n/9 = \OML/cmm/m/it/9 C[][] 
[] e[] \OT1/cmr/m/n/9 = \OMS/cmsy/m/n/9  \OT1/cmr/m/n/9 2\OML/cmm/m/it/9 C[][]
 []
 []

[5]
<axis.png, id=213, 436.12938pt x 407.02063pt>
File: axis.png Graphic file (type png)
<use axis.png>
Package pdftex.def Info: axis.png  used on input line 412.
(pdftex.def)             Requested size: 196.25641pt x 183.15758pt.

Underfull \hbox (badness 1348) in paragraph at lines 424--425
[]\OT1/cmr/m/n/10 and us-ing the prod-uct rule for dif-fer-en-ti-a-tion of
 []

[6 <./axis.png>]
<figsPartI/IStabilityE.png, id=234, 831.105pt x 578.16pt>
File: figsPartI/IStabilityE.png Graphic file (type png)
<use figsPartI/IStabilityE.png>
Package pdftex.def Info: figsPartI/IStabilityE.png  used on input line 455.
(pdftex.def)             Requested size: 274.26549pt x 190.79338pt.

Overfull \hbox (28.26549pt too wide) in paragraph at lines 455--456
 [] 
 []

<figsPartI/IStabilitySigma.png, id=235, 758.835pt x 578.16pt>
File: figsPartI/IStabilitySigma.png Graphic file (type png)
<use figsPartI/IStabilitySigma.png>
Package pdftex.def Info: figsPartI/IStabilitySigma.png  used on input line 463.

(pdftex.def)             Requested size: 250.41632pt x 190.79338pt.

Overfull \hbox (4.41632pt too wide) in paragraph at lines 463--464
 [] 
 []

<figsPartI/IStabilityThermalizedE.png, id=236, 758.835pt x 578.16pt>
File: figsPartI/IStabilityThermalizedE.png Graphic file (type png)
<use figsPartI/IStabilityThermalizedE.png>
Package pdftex.def Info: figsPartI/IStabilityThermalizedE.png  used on input li
ne 473.
(pdftex.def)             Requested size: 250.41632pt x 190.79338pt.

Overfull \hbox (4.41632pt too wide) in paragraph at lines 473--474
 [] 
 []

[7 <./figsPartI/IStabilityE.png> <./figsPartI/IStabilitySigma.png>]
<figsPartI/IStabilityThermalizedSigma.png, id=247, 758.835pt x 578.16pt>
File: figsPartI/IStabilityThermalizedSigma.png Graphic file (type png)
<use figsPartI/IStabilityThermalizedSigma.png>
Package pdftex.def Info: figsPartI/IStabilityThermalizedSigma.png  used on inpu
t line 482.
(pdftex.def)             Requested size: 250.41632pt x 190.79338pt.

Overfull \hbox (4.41632pt too wide) in paragraph at lines 482--483
 [] 
 []

<figsPartI/IStabilityPertE.png, id=248, 831.105pt x 578.16pt>
File: figsPartI/IStabilityPertE.png Graphic file (type png)
<use figsPartI/IStabilityPertE.png>
Package pdftex.def Info: figsPartI/IStabilityPertE.png  used on input line 512.

(pdftex.def)             Requested size: 265.95903pt x 185.01497pt.

Overfull \hbox (19.95903pt too wide) in paragraph at lines 512--513
 [] 
 []

<figsPartI/IStabilityPertSigma.png, id=249, 758.835pt x 578.16pt>
File: figsPartI/IStabilityPertSigma.png Graphic file (type png)
<use figsPartI/IStabilityPertSigma.png>
Package pdftex.def Info: figsPartI/IStabilityPertSigma.png  used on input line 
521.
(pdftex.def)             Requested size: 242.83217pt x 185.01497pt.
[8 <./figsPartI/IStabilityThermalizedE.png> <./figsPartI/IStabilityThermalizedS
igma.png> <./figsPartI/IStabilityPertE.png> <./figsPartI/IStabilityPertSigma.pn
g>]
<figsPartI/IOmegas.png, id=263, 758.835pt x 578.16pt>
File: figsPartI/IOmegas.png Graphic file (type png)
<use figsPartI/IOmegas.png>
Package pdftex.def Info: figsPartI/IOmegas.png  used on input line 548.
(pdftex.def)             Requested size: 265.59624pt x 202.35902pt.

Overfull \hbox (19.59624pt too wide) in paragraph at lines 548--549
 [] 
 []

<figsPartII/run1.png, id=264, 903.375pt x 578.16pt>
File: figsPartII/run1.png Graphic file (type png)
<use figsPartII/run1.png>
Package pdftex.def Info: figsPartII/run1.png  used on input line 577.
(pdftex.def)             Requested size: 271.01459pt x 173.44933pt.

Overfull \hbox (25.01459pt too wide) in paragraph at lines 577--578
 [] 
 []

<figsPartII/run2.png, id=265, 903.375pt x 578.16pt>
File: figsPartII/run2.png Graphic file (type png)
<use figsPartII/run2.png>
Package pdftex.def Info: figsPartII/run2.png  used on input line 586.
(pdftex.def)             Requested size: 271.01459pt x 173.44933pt.

Overfull \hbox (25.01459pt too wide) in paragraph at lines 586--587
 [] 
 []

<figsPartII/run6.png, id=266, 903.375pt x 578.16pt>
File: figsPartII/run6.png Graphic file (type png)
<use figsPartII/run6.png>
Package pdftex.def Info: figsPartII/run6.png  used on input line 595.
(pdftex.def)             Requested size: 271.01459pt x 173.44933pt.

Overfull \hbox (25.01459pt too wide) in paragraph at lines 595--596
 [] 
 []

[9 <./figsPartI/IOmegas.png> <./figsPartII/run1.png> <./figsPartII/run2.png>]
<figsPartIII/ratios.png, id=279, 831.105pt x 578.16pt>
File: figsPartIII/ratios.png Graphic file (type png)
<use figsPartIII/ratios.png>
Package pdftex.def Info: figsPartIII/ratios.png  used on input line 625.
(pdftex.def)             Requested size: 265.95903pt x 185.01497pt.

Overfull \hbox (19.95903pt too wide) in paragraph at lines 625--626
 [] 
 []

<figsPartIII/distances.png, id=280, 594.0594pt x 469.0323pt>
File: figsPartIII/distances.png Graphic file (type png)
<use figsPartIII/distances.png>
Package pdftex.def Info: figsPartIII/distances.png  used on input line 634.
(pdftex.def)             Requested size: 237.61955pt x 187.60959pt.
[10 <./figsPartII/run6.png> <./figsPartIII/ratios.png> <./figsPartIII/distances
.png>] [11]
Underfull \hbox (badness 10000) in paragraph at lines 700--702
[][]$\OT1/cmtt/m/n/10 https : / / github . com / nhofield / fys3150Projects .
 []


Underfull \hbox (badness 1112) in paragraph at lines 706--709
 []\OT1/cmr/m/n/9 William L. McMil-lan, \OT1/cmr/m/it/9 L[]T[]X: Ground State o
f Liq-
 []


Underfull \hbox (badness 10000) in paragraph at lines 715--719
 []$\OT1/cmtt/m/n/9 https : / / devilry . ifi . uio . no / devilry _ group / st
udent /
 []


Underfull \hbox (badness 3930) in paragraph at lines 734--737
 []\OT1/cmr/m/n/9 Morten H. Jensen, \OT1/cmr/m/it/9 L[]T[]X: Com-pu-ta-tional P
hysics
 []


Underfull \hbox (badness 4859) in paragraph at lines 734--737
 \OT1/cmr/m/it/9 FYS3150, lec-ture notes 2015 []$\OT1/cmtt/m/n/9 https : / / gi
thub . com /
 []


Underfull \hbox (badness 10000) in paragraph at lines 734--737
 \OT1/cmtt/m/n/9 CompPhysics / ComputationalPhysics / blob / master / doc /
 []

Package atveryend Info: Empty hook `BeforeClearDocument' on input line 740.
Package atveryend Info: Empty hook `AfterLastShipout' on input line 740.
[12] (p5ndoldfie.aux)
Package atveryend Info: Executing hook `AtVeryEndDocument' on input line 740.
Package atveryend Info: Executing hook `AtEndAfterFileList' on input line 740.
Package rerunfilecheck Info: File `p5ndoldfie.out' has not changed.
(rerunfilecheck)             Checksum: 922F9332AD684B091A155B0F132890AF;1696.


LaTeX Warning: Label(s) may have changed. Rerun to get cross-references right .


 ) 
Here is how much of TeX's memory you used:
 10816 strings out of 492973
 153382 string characters out of 3127578
 285629 words of memory out of 3000000
 14402 multiletter control sequences out of 15000+200000
 19351 words of font info for 72 fonts, out of 3000000 for 9000
 1141 hyphenation exceptions out of 8191
 32i,14n,35p,1929b,409s stack positions out of 5000i,500n,10000p,200000b,50000s
<C:/Users/meg/AppData/Local/Programs/MiKTeX 2.9/fonts/type1/public/amsfonts/c
m/cmbx10.pfb><C:/Users/meg/AppData/Local/Programs/MiKTeX 2.9/fonts/type1/public
/amsfonts/cm/cmbx12.pfb><C:/Users/meg/AppData/Local/Programs/MiKTeX 2.9/fonts/t
ype1/public/amsfonts/cm/cmbx9.pfb><C:/Users/meg/AppData/Local/Programs/MiKTeX 2
.9/fonts/type1/public/amsfonts/cm/cmex10.pfb><C:/Users/meg/AppData/Local/Progra
ms/MiKTeX 2.9/fonts/type1/public/amsfonts/cmextra/cmex9.pfb><C:/Users/meg/AppDa
ta/Local/Programs/MiKTeX 2.9/fonts/type1/public/amsfonts/cm/cmmi10.pfb><C:/User
s/meg/AppData/Local/Programs/MiKTeX 2.9/fonts/type1/public/amsfonts/cm/cmmi12.p
fb><C:/Users/meg/AppData/Local/Programs/MiKTeX 2.9/fonts/type1/public/amsfonts/
cm/cmmi5.pfb><C:/Users/meg/AppData/Local/Programs/MiKTeX 2.9/fonts/type1/public
/amsfonts/cm/cmmi6.pfb><C:/Users/meg/AppData/Local/Programs/MiKTeX 2.9/fonts/ty
pe1/public/amsfonts/cm/cmmi7.pfb><C:/Users/meg/AppData/Local/Programs/MiKTeX 2.
9/fonts/type1/public/amsfonts/cm/cmmi8.pfb><C:/Users/meg/AppData/Local/Programs
/MiKTeX 2.9/fonts/type1/public/amsfonts/cm/cmmi9.pfb><C:/Users/meg/AppData/Loca
l/Programs/MiKTeX 2.9/fonts/type1/public/amsfonts/cm/cmr10.pfb><C:/Users/meg/Ap
pData/Local/Programs/MiKTeX 2.9/fonts/type1/public/amsfonts/cm/cmr12.pfb><C:/Us
ers/meg/AppData/Local/Programs/MiKTeX 2.9/fonts/type1/public/amsfonts/cm/cmr5.p
fb><C:/Users/meg/AppData/Local/Programs/MiKTeX 2.9/fonts/type1/public/amsfonts/
cm/cmr6.pfb><C:/Users/meg/AppData/Local/Programs/MiKTeX 2.9/fonts/type1/public/
amsfonts/cm/cmr7.pfb><C:/Users/meg/AppData/Local/Programs/MiKTeX 2.9/fonts/type
1/public/amsfonts/cm/cmr8.pfb><C:/Users/meg/AppData/Local/Programs/MiKTeX 2.9/f
onts/type1/public/amsfonts/cm/cmr9.pfb><C:/Users/meg/AppData/Local/Programs/MiK
TeX 2.9/fonts/type1/public/amsfonts/cm/cmsy10.pfb><C:/Users/meg/AppData/Local/P
rograms/MiKTeX 2.9/fonts/type1/public/amsfonts/cm/cmsy5.pfb><C:/Users/meg/AppDa
ta/Local/Programs/MiKTeX 2.9/fonts/type1/public/amsfonts/cm/cmsy6.pfb><C:/Users
/meg/AppData/Local/Programs/MiKTeX 2.9/fonts/type1/public/amsfonts/cm/cmsy7.pfb
><C:/Users/meg/AppData/Local/Programs/MiKTeX 2.9/fonts/type1/public/amsfonts/cm
/cmsy8.pfb><C:/Users/meg/AppData/Local/Programs/MiKTeX 2.9/fonts/type1/public/a
msfonts/cm/cmsy9.pfb><C:/Users/meg/AppData/Local/Programs/MiKTeX 2.9/fonts/type
1/public/amsfonts/cm/cmti10.pfb><C:/Users/meg/AppData/Local/Programs/MiKTeX 2.9
/fonts/type1/public/amsfonts/cm/cmti7.pfb><C:/Users/meg/AppData/Local/Programs/
MiKTeX 2.9/fonts/type1/public/amsfonts/cm/cmti9.pfb><C:/Users/meg/AppData/Local
/Programs/MiKTeX 2.9/fonts/type1/public/amsfonts/cm/cmtt10.pfb><C:/Users/meg/Ap
pData/Local/Programs/MiKTeX 2.9/fonts/type1/public/amsfonts/cm/cmtt9.pfb>
Output written on p5ndoldfie.pdf (12 pages, 1679685 bytes).
PDF statistics:
 450 PDF objects out of 1000 (max. 8388607)
 103 named destinations out of 1000 (max. 500000)
 297 words of extra memory for PDF output out of 10000 (max. 10000000)

